Reading control file
==================================================
$tmpdir al_heat_4
$calculations 20
$maxvariation 0.4
==================================================

[]
Run
1. Make atom structure
name heat.in
$nspin 0 
$mixing_mode local-TF 
6
2. Run


Maximum Variation
1 0.19837540136650206
2 0.04092999044805765
3 0.037137148808687924
4 0.2662218637764454
5 0.02962190816178918
6 0.0425254350528121
7 0.2810366815887392
8 0.1373856294900179
9 0.18615746768191457
10 0.3575886862352491
11 0.3001201245002449
12 0.3173193544149399
13 0.3304453634656966
14 0.22396335285156965
15 0.19302248349413276
16 0.3635375153273344
17 0.2931358297355473
18 0.16890191826969386
19 0.12035233629867435
20 0.2769551627337933
